  GraphicsCommands.cpp
  Helper.cpp
  Instance.cpp
  Pipelines.cpp
  Source.cpp
C:\Users\anton\source\repos\GPU-VM\GPU-VM\Source.cpp(57,20): warning C4305: 'initializing': truncation from 'double' to 'float'
C:\Users\anton\source\repos\GPU-VM\GPU-VM\Source.cpp(61,24): warning C4305: '=': truncation from 'double' to 'float'
C:\Users\anton\source\repos\GPU-VM\GPU-VM\Source.cpp(62,24): warning C4305: '=': truncation from 'double' to 'float'
C:\Users\anton\source\repos\GPU-VM\GPU-VM\Source.cpp(63,24): warning C4305: '=': truncation from 'double' to 'float'
C:\Users\anton\source\repos\GPU-VM\GPU-VM\Source.cpp(64,24): warning C4305: '=': truncation from 'double' to 'float'
C:\Users\anton\source\repos\GPU-VM\GPU-VM\Source.cpp(87,31): warning C4305: 'initializing': truncation from 'double' to 'const float'
C:\Users\anton\source\repos\GPU-VM\GPU-VM\Source.cpp(99,18): warning C4305: '+=': truncation from 'double' to 'float'
  Instance.hpp
  Device.cpp
C:\Users\anton\source\repos\GPU-VM\GPU-VM\Device.cpp(159,38): warning C4267: '=': conversion from 'size_t' to 'uint32_t', possible loss of data
  Swapchain.cpp
  Window.cpp
  Generating Code...
C:\Users\anton\source\repos\GPU-VM\GPU-VM\GraphicsCommands.cpp(51): warning C4715: 'cow::GraphicsCommands::checkRecreation': not all control paths return a value
x64\Debug\Instance.obj : warning LNK4042: object specified more than once; extras ignored
LINK : warning LNK4098: defaultlib 'MSVCRT' conflicts with use of other libs; use /NODEFAULTLIB:library
  GPU-VM.vcxproj -> C:\Users\anton\source\repos\GPU-VM\x64\Debug\GPU-VM.exe
