c:\users\anton\source\repos\gpu-vm\gpu-vm\x64\debug\vc143.pdb
c:\users\anton\source\repos\gpu-vm\gpu-vm\x64\debug\vc143.idb
c:\users\anton\source\repos\gpu-vm\gpu-vm\x64\debug\window.obj
c:\users\anton\source\repos\gpu-vm\gpu-vm\x64\debug\window.asm
c:\users\anton\source\repos\gpu-vm\gpu-vm\x64\debug\swapchain.obj
c:\users\anton\source\repos\gpu-vm\gpu-vm\x64\debug\swapchain.asm
c:\users\anton\source\repos\gpu-vm\gpu-vm\x64\debug\device.obj
c:\users\anton\source\repos\gpu-vm\gpu-vm\x64\debug\device.asm
c:\users\anton\source\repos\gpu-vm\gpu-vm\x64\debug\instance.obj
c:\users\anton\source\repos\gpu-vm\gpu-vm\x64\debug\instance.asm
c:\users\anton\source\repos\gpu-vm\gpu-vm\x64\debug\source.obj
c:\users\anton\source\repos\gpu-vm\gpu-vm\x64\debug\source.asm
c:\users\anton\source\repos\gpu-vm\gpu-vm\x64\debug\helper.obj
c:\users\anton\source\repos\gpu-vm\gpu-vm\x64\debug\helper.asm
c:\users\anton\source\repos\gpu-vm\gpu-vm\x64\debug\graphicscommands.obj
c:\users\anton\source\repos\gpu-vm\gpu-vm\x64\debug\graphicscommands.asm
c:\users\anton\source\repos\gpu-vm\x64\debug\gpu-vm.pdb
c:\users\anton\source\repos\gpu-vm\gpu-vm\x64\debug\gpu-vm.tlog\cl.command.1.tlog
c:\users\anton\source\repos\gpu-vm\gpu-vm\x64\debug\gpu-vm.tlog\cl.read.1.tlog
c:\users\anton\source\repos\gpu-vm\gpu-vm\x64\debug\gpu-vm.tlog\cl.write.1.tlog
c:\users\anton\source\repos\gpu-vm\gpu-vm\x64\debug\gpu-vm.tlog\link.53648-cvtres.read.1.tlog
c:\users\anton\source\repos\gpu-vm\gpu-vm\x64\debug\gpu-vm.tlog\link.53648-cvtres.write.1.tlog
c:\users\anton\source\repos\gpu-vm\gpu-vm\x64\debug\gpu-vm.tlog\link.53648-rc.read.1.tlog
c:\users\anton\source\repos\gpu-vm\gpu-vm\x64\debug\gpu-vm.tlog\link.53648-rc.write.1.tlog
c:\users\anton\source\repos\gpu-vm\gpu-vm\x64\debug\gpu-vm.tlog\link.53648.read.1.tlog
c:\users\anton\source\repos\gpu-vm\gpu-vm\x64\debug\gpu-vm.tlog\link.53648.read.2.tlog
c:\users\anton\source\repos\gpu-vm\gpu-vm\x64\debug\gpu-vm.tlog\link.53648.write.1.tlog
c:\users\anton\source\repos\gpu-vm\gpu-vm\x64\debug\gpu-vm.tlog\link.command.1.tlog
c:\users\anton\source\repos\gpu-vm\gpu-vm\x64\debug\gpu-vm.tlog\link.read.1.tlog
c:\users\anton\source\repos\gpu-vm\gpu-vm\x64\debug\gpu-vm.tlog\link.write.1.tlog
