  GraphicsCommands.cpp
  Helper.cpp
  Instance.cpp
  Source.cpp
C:\Program Files (x86)\Windows Kits\10\Include\10.0.22621.0\shared\minwindef.h(130,1): warning C4005: 'APIENTRY': macro redefinition
C:\Users\anton\Documents\Visual Studio 2022\Libraries\glfw-3.3.8\include\GLFW\glfw3.h(123): message : see previous definition of 'APIENTRY'
C:\Users\anton\source\repos\GPU-VM\GPU-VM\Source.cpp(95,50): warning C4267: 'argument': conversion from 'size_t' to 'uint32_t', possible loss of data
C:\Users\anton\source\repos\GPU-VM\GPU-VM\Source.cpp(105,50): warning C4267: 'argument': conversion from 'size_t' to 'uint32_t', possible loss of data
C:\Users\anton\source\repos\GPU-VM\GPU-VM\Source.cpp(156,20): warning C4305: 'initializing': truncation from 'double' to 'float'
C:\Users\anton\source\repos\GPU-VM\GPU-VM\Source.cpp(160,24): warning C4305: '=': truncation from 'double' to 'float'
C:\Users\anton\source\repos\GPU-VM\GPU-VM\Source.cpp(161,24): warning C4305: '=': truncation from 'double' to 'float'
C:\Users\anton\source\repos\GPU-VM\GPU-VM\Source.cpp(162,24): warning C4305: '=': truncation from 'double' to 'float'
C:\Users\anton\source\repos\GPU-VM\GPU-VM\Source.cpp(163,24): warning C4305: '=': truncation from 'double' to 'float'
C:\Users\anton\source\repos\GPU-VM\GPU-VM\Source.cpp(207,28): warning C4305: '+=': truncation from 'double' to 'T'
          with
          [
              T=float
          ]
C:\Users\anton\source\repos\GPU-VM\GPU-VM\Source.cpp(208,28): warning C4305: '+=': truncation from 'double' to 'T'
          with
          [
              T=float
          ]
C:\Users\anton\source\repos\GPU-VM\GPU-VM\Source.cpp(210,19): warning C4305: '+=': truncation from 'double' to 'float'
C:\Users\anton\source\repos\GPU-VM\GPU-VM\Descriptors.hpp(20,1): warning C4267: '=': conversion from 'size_t' to 'uint32_t', possible loss of data
C:\Users\anton\source\repos\GPU-VM\GPU-VM\Descriptors.hpp(14): message : while compiling class template member function 'cow::Descriptor<2,2>::Descriptor(cow::Device &,const std::array<VkDescriptorSetLayoutBinding,2>,const std::array<VkDescriptorPoolSize,2>,uint32_t)'
C:\Users\anton\source\repos\GPU-VM\GPU-VM\Source.cpp(58): message : see reference to function template instantiation 'cow::Descriptor<2,2>::Descriptor(cow::Device &,const std::array<VkDescriptorSetLayoutBinding,2>,const std::array<VkDescriptorPoolSize,2>,uint32_t)' being compiled
C:\Users\anton\source\repos\GPU-VM\GPU-VM\Source.cpp(58): message : see reference to class template instantiation 'cow::Descriptor<2,2>' being compiled
C:\Users\anton\source\repos\GPU-VM\GPU-VM\Descriptors.hpp(30,1): warning C4267: '=': conversion from 'size_t' to 'uint32_t', possible loss of data
  Instance.hpp
  Device.cpp
C:\Users\anton\source\repos\GPU-VM\GPU-VM\Device.cpp(159,38): warning C4267: '=': conversion from 'size_t' to 'uint32_t', possible loss of data
C:\Users\anton\source\repos\GPU-VM\GPU-VM\Device.cpp(278,28): warning C4244: '=': conversion from 'double' to 'uint32_t', possible loss of data
  Swapchain.cpp
  Window.cpp
  Generating Code...
C:\Users\anton\source\repos\GPU-VM\GPU-VM\GraphicsCommands.cpp(51): warning C4715: 'cow::GraphicsCommands::checkRecreation': not all control paths return a value
x64\Debug\Instance.obj : warning LNK4042: object specified more than once; extras ignored
LINK : warning LNK4098: defaultlib 'MSVCRT' conflicts with use of other libs; use /NODEFAULTLIB:library
  GPU-VM.vcxproj -> C:\Users\anton\source\repos\GPU-VM\x64\Debug\GPU-VM.exe
